0it [00:00, ?it/s]
1it [00:00,  1.86it/s]
996it [00:00, 1453.32it/s]
2346it [00:00, 2984.81it/s]
2890it [00:00, 3180.45it/s]
4000it [00:00, 4035.39it/s]

0it [00:00, ?it/s]
1it [00:00,  2.21it/s]
806it [00:00, 1456.70it/s]
992it [00:00, 1430.29it/s]

0it [00:00, ?it/s]
490it [00:00, 4881.55it/s]
965it [00:00, 4812.30it/s]
1431it [00:00, 4759.64it/s]
1952it [00:00, 4871.91it/s]
2474it [00:00, 4938.41it/s]
3010it [00:00, 5008.02it/s]
3464it [00:00, 4775.14it/s]
3891it [00:00, 4636.65it/s]
4341it [00:00, 4621.91it/s]
4764it [00:01, 4563.03it/s]
4992it [00:01, 4605.36it/s]

  0%|          | 0/125 [00:00<?, ?it/s]
accuracy: 0.00, accuracy3: 0.01, loss: 5.46 ||:   1%|          | 1/125 [00:00<01:40,  1.24it/s]
accuracy: 0.01, accuracy3: 0.04, loss: 5.45 ||:   2%|1         | 2/125 [00:01<01:13,  1.67it/s]
accuracy: 0.04, accuracy3: 0.13, loss: 5.43 ||:   2%|2         | 3/125 [00:02<01:46,  1.15it/s]
accuracy: 0.06, accuracy3: 0.17, loss: 5.41 ||:   3%|3         | 4/125 [00:03<01:39,  1.21it/s]
accuracy: 0.07, accuracy3: 0.20, loss: 5.39 ||:   4%|4         | 5/125 [00:03<01:31,  1.31it/s]
accuracy: 0.09, accuracy3: 0.23, loss: 5.35 ||:   5%|4         | 6/125 [00:04<01:26,  1.37it/s]
accuracy: 0.09, accuracy3: 0.25, loss: 5.32 ||:   6%|5         | 7/125 [00:04<01:20,  1.47it/s]
accuracy: 0.10, accuracy3: 0.26, loss: 5.27 ||:   6%|6         | 8/125 [00:05<01:14,  1.56it/s]
accuracy: 0.10, accuracy3: 0.27, loss: 5.21 ||:   7%|7         | 9/125 [00:05<01:12,  1.61it/s]
accuracy: 0.10, accuracy3: 0.28, loss: 5.16 ||:   8%|8         | 10/125 [00:06<01:09,  1.66it/s]
accuracy: 0.11, accuracy3: 0.28, loss: 5.08 ||:   9%|8         | 11/125 [00:06<01:09,  1.65it/s]
accuracy: 0.11, accuracy3: 0.29, loss: 4.99 ||:  10%|9         | 12/125 [00:07<01:07,  1.69it/s]
accuracy: 0.11, accuracy3: 0.29, loss: 4.91 ||:  10%|#         | 13/125 [00:07<01:05,  1.71it/s]
accuracy: 0.11, accuracy3: 0.29, loss: 4.84 ||:  11%|#1        | 14/125 [00:07<01:03,  1.76it/s]
accuracy: 0.11, accuracy3: 0.30, loss: 4.76 ||:  12%|#2        | 15/125 [00:08<01:01,  1.78it/s]
accuracy: 0.11, accuracy3: 0.30, loss: 4.70 ||:  13%|#2        | 16/125 [00:08<01:01,  1.78it/s]
accuracy: 0.11, accuracy3: 0.30, loss: 4.64 ||:  14%|#3        | 17/125 [00:09<01:00,  1.78it/s]
accuracy: 0.12, accuracy3: 0.30, loss: 4.58 ||:  14%|#4        | 18/125 [00:10<01:00,  1.78it/s]
accuracy: 0.12, accuracy3: 0.31, loss: 4.53 ||:  15%|#5        | 19/125 [00:10<00:59,  1.79it/s]
accuracy: 0.12, accuracy3: 0.31, loss: 4.49 ||:  16%|#6        | 20/125 [00:11<00:58,  1.81it/s]
accuracy: 0.12, accuracy3: 0.31, loss: 4.44 ||:  17%|#6        | 21/125 [00:11<00:56,  1.84it/s]
accuracy: 0.12, accuracy3: 0.31, loss: 4.40 ||:  18%|#7        | 22/125 [00:11<00:55,  1.86it/s]
accuracy: 0.13, accuracy3: 0.32, loss: 4.37 ||:  18%|#8        | 23/125 [00:12<00:54,  1.86it/s]
accuracy: 0.13, accuracy3: 0.32, loss: 4.33 ||:  19%|#9        | 24/125 [00:12<00:53,  1.89it/s]
accuracy: 0.13, accuracy3: 0.32, loss: 4.30 ||:  20%|##        | 25/125 [00:13<00:52,  1.90it/s]
accuracy: 0.13, accuracy3: 0.32, loss: 4.27 ||:  21%|##        | 26/125 [00:13<00:51,  1.92it/s]
accuracy: 0.13, accuracy3: 0.32, loss: 4.25 ||:  22%|##1       | 27/125 [00:13<00:50,  1.93it/s]
accuracy: 0.14, accuracy3: 0.32, loss: 4.22 ||:  22%|##2       | 28/125 [00:14<00:49,  1.96it/s]
accuracy: 0.14, accuracy3: 0.33, loss: 4.19 ||:  23%|##3       | 29/125 [00:14<00:48,  1.99it/s]
accuracy: 0.14, accuracy3: 0.33, loss: 4.16 ||:  24%|##4       | 30/125 [00:15<00:47,  1.99it/s]
accuracy: 0.14, accuracy3: 0.33, loss: 4.14 ||:  25%|##4       | 31/125 [00:15<00:48,  1.94it/s]
accuracy: 0.14, accuracy3: 0.33, loss: 4.12 ||:  26%|##5       | 32/125 [00:16<00:47,  1.95it/s]
accuracy: 0.14, accuracy3: 0.33, loss: 4.11 ||:  26%|##6       | 33/125 [00:16<00:46,  1.97it/s]
accuracy: 0.14, accuracy3: 0.33, loss: 4.09 ||:  27%|##7       | 34/125 [00:17<00:45,  1.98it/s]
accuracy: 0.14, accuracy3: 0.33, loss: 4.07 ||:  28%|##8       | 35/125 [00:17<00:45,  1.98it/s]
accuracy: 0.14, accuracy3: 0.33, loss: 4.05 ||:  29%|##8       | 36/125 [00:18<00:44,  1.99it/s]
accuracy: 0.15, accuracy3: 0.34, loss: 4.04 ||:  30%|##9       | 37/125 [00:18<00:44,  1.99it/s]
accuracy: 0.15, accuracy3: 0.34, loss: 4.02 ||:  30%|###       | 38/125 [00:19<00:43,  2.00it/s]
accuracy: 0.15, accuracy3: 0.34, loss: 4.00 ||:  31%|###1      | 39/125 [00:19<00:42,  2.01it/s]
accuracy: 0.15, accuracy3: 0.34, loss: 3.98 ||:  32%|###2      | 40/125 [00:20<00:42,  1.99it/s]
accuracy: 0.15, accuracy3: 0.34, loss: 3.96 ||:  33%|###2      | 41/125 [00:20<00:42,  2.00it/s]
accuracy: 0.15, accuracy3: 0.34, loss: 3.95 ||:  34%|###3      | 42/125 [00:20<00:41,  2.01it/s]
accuracy: 0.15, accuracy3: 0.34, loss: 3.94 ||:  34%|###4      | 43/125 [00:21<00:40,  2.01it/s]
accuracy: 0.15, accuracy3: 0.34, loss: 3.92 ||:  35%|###5      | 44/125 [00:21<00:40,  2.02it/s]
accuracy: 0.15, accuracy3: 0.34, loss: 3.91 ||:  36%|###6      | 45/125 [00:22<00:39,  2.02it/s]
accuracy: 0.15, accuracy3: 0.34, loss: 3.90 ||:  37%|###6      | 46/125 [00:22<00:38,  2.03it/s]
accuracy: 0.15, accuracy3: 0.34, loss: 3.89 ||:  38%|###7      | 47/125 [00:22<00:38,  2.05it/s]
accuracy: 0.15, accuracy3: 0.34, loss: 3.88 ||:  38%|###8      | 48/125 [00:23<00:37,  2.05it/s]
accuracy: 0.16, accuracy3: 0.34, loss: 3.86 ||:  39%|###9      | 49/125 [00:23<00:36,  2.06it/s]
accuracy: 0.16, accuracy3: 0.35, loss: 3.85 ||:  40%|####      | 50/125 [00:24<00:36,  2.05it/s]
accuracy: 0.16, accuracy3: 0.35, loss: 3.84 ||:  41%|####      | 51/125 [00:24<00:35,  2.06it/s]
accuracy: 0.16, accuracy3: 0.35, loss: 3.83 ||:  42%|####1     | 52/125 [00:25<00:35,  2.07it/s]
accuracy: 0.16, accuracy3: 0.35, loss: 3.82 ||:  42%|####2     | 53/125 [00:25<00:34,  2.08it/s]
accuracy: 0.16, accuracy3: 0.35, loss: 3.81 ||:  43%|####3     | 54/125 [00:25<00:34,  2.08it/s]
accuracy: 0.16, accuracy3: 0.35, loss: 3.80 ||:  44%|####4     | 55/125 [00:26<00:33,  2.07it/s]
accuracy: 0.17, accuracy3: 0.36, loss: 3.79 ||:  45%|####4     | 56/125 [00:27<00:33,  2.06it/s]
accuracy: 0.17, accuracy3: 0.36, loss: 3.78 ||:  46%|####5     | 57/125 [00:27<00:32,  2.07it/s]
accuracy: 0.17, accuracy3: 0.36, loss: 3.77 ||:  46%|####6     | 58/125 [00:28<00:32,  2.05it/s]
accuracy: 0.17, accuracy3: 0.36, loss: 3.76 ||:  47%|####7     | 59/125 [00:28<00:32,  2.06it/s]
accuracy: 0.17, accuracy3: 0.36, loss: 3.76 ||:  48%|####8     | 60/125 [00:29<00:31,  2.06it/s]
accuracy: 0.18, accuracy3: 0.36, loss: 3.74 ||:  49%|####8     | 61/125 [00:29<00:31,  2.06it/s]
accuracy: 0.18, accuracy3: 0.36, loss: 3.74 ||:  50%|####9     | 62/125 [00:30<00:30,  2.06it/s]
accuracy: 0.18, accuracy3: 0.36, loss: 3.73 ||:  50%|#####     | 63/125 [00:30<00:29,  2.07it/s]
accuracy: 0.19, accuracy3: 0.37, loss: 3.72 ||:  51%|#####1    | 64/125 [00:30<00:29,  2.07it/s]
accuracy: 0.19, accuracy3: 0.37, loss: 3.71 ||:  52%|#####2    | 65/125 [00:31<00:28,  2.07it/s]
accuracy: 0.19, accuracy3: 0.37, loss: 3.70 ||:  53%|#####2    | 66/125 [00:31<00:28,  2.08it/s]
accuracy: 0.19, accuracy3: 0.37, loss: 3.69 ||:  54%|#####3    | 67/125 [00:32<00:27,  2.09it/s]
accuracy: 0.19, accuracy3: 0.37, loss: 3.68 ||:  54%|#####4    | 68/125 [00:32<00:27,  2.10it/s]
accuracy: 0.20, accuracy3: 0.37, loss: 3.67 ||:  55%|#####5    | 69/125 [00:32<00:26,  2.11it/s]
accuracy: 0.20, accuracy3: 0.37, loss: 3.66 ||:  56%|#####6    | 70/125 [00:33<00:26,  2.11it/s]
accuracy: 0.20, accuracy3: 0.37, loss: 3.65 ||:  57%|#####6    | 71/125 [00:33<00:25,  2.12it/s]
accuracy: 0.20, accuracy3: 0.37, loss: 3.65 ||:  58%|#####7    | 72/125 [00:34<00:25,  2.12it/s]
accuracy: 0.21, accuracy3: 0.38, loss: 3.64 ||:  58%|#####8    | 73/125 [00:34<00:24,  2.12it/s]
accuracy: 0.21, accuracy3: 0.38, loss: 3.63 ||:  59%|#####9    | 74/125 [00:34<00:24,  2.12it/s]
accuracy: 0.21, accuracy3: 0.38, loss: 3.62 ||:  60%|######    | 75/125 [00:35<00:23,  2.13it/s]
accuracy: 0.21, accuracy3: 0.38, loss: 3.61 ||:  61%|######    | 76/125 [00:35<00:22,  2.13it/s]
accuracy: 0.22, accuracy3: 0.38, loss: 3.61 ||:  62%|######1   | 77/125 [00:36<00:22,  2.13it/s]
accuracy: 0.22, accuracy3: 0.38, loss: 3.60 ||:  62%|######2   | 78/125 [00:36<00:21,  2.14it/s]
accuracy: 0.22, accuracy3: 0.38, loss: 3.59 ||:  63%|######3   | 79/125 [00:36<00:21,  2.14it/s]
accuracy: 0.22, accuracy3: 0.39, loss: 3.58 ||:  64%|######4   | 80/125 [00:37<00:20,  2.14it/s]
accuracy: 0.23, accuracy3: 0.39, loss: 3.57 ||:  65%|######4   | 81/125 [00:37<00:20,  2.15it/s]
accuracy: 0.23, accuracy3: 0.39, loss: 3.56 ||:  66%|######5   | 82/125 [00:38<00:19,  2.15it/s]
accuracy: 0.23, accuracy3: 0.39, loss: 3.56 ||:  66%|######6   | 83/125 [00:38<00:19,  2.16it/s]
accuracy: 0.23, accuracy3: 0.39, loss: 3.55 ||:  67%|######7   | 84/125 [00:38<00:18,  2.16it/s]
accuracy: 0.23, accuracy3: 0.39, loss: 3.54 ||:  68%|######8   | 85/125 [00:39<00:18,  2.16it/s]
accuracy: 0.24, accuracy3: 0.39, loss: 3.53 ||:  69%|######8   | 86/125 [00:39<00:18,  2.16it/s]
accuracy: 0.24, accuracy3: 0.40, loss: 3.52 ||:  70%|######9   | 87/125 [00:40<00:17,  2.16it/s]
accuracy: 0.24, accuracy3: 0.40, loss: 3.51 ||:  70%|#######   | 88/125 [00:40<00:17,  2.16it/s]
accuracy: 0.24, accuracy3: 0.40, loss: 3.51 ||:  71%|#######1  | 89/125 [00:41<00:16,  2.16it/s]
accuracy: 0.24, accuracy3: 0.40, loss: 3.50 ||:  72%|#######2  | 90/125 [00:41<00:16,  2.16it/s]
accuracy: 0.25, accuracy3: 0.40, loss: 3.49 ||:  73%|#######2  | 91/125 [00:41<00:15,  2.17it/s]
accuracy: 0.25, accuracy3: 0.40, loss: 3.48 ||:  74%|#######3  | 92/125 [00:42<00:15,  2.17it/s]
accuracy: 0.25, accuracy3: 0.40, loss: 3.47 ||:  74%|#######4  | 93/125 [00:42<00:14,  2.17it/s]
accuracy: 0.25, accuracy3: 0.40, loss: 3.46 ||:  75%|#######5  | 94/125 [00:43<00:14,  2.18it/s]
accuracy: 0.25, accuracy3: 0.41, loss: 3.45 ||:  76%|#######6  | 95/125 [00:43<00:13,  2.17it/s]
accuracy: 0.25, accuracy3: 0.41, loss: 3.45 ||:  77%|#######6  | 96/125 [00:44<00:13,  2.17it/s]
accuracy: 0.26, accuracy3: 0.41, loss: 3.44 ||:  78%|#######7  | 97/125 [00:44<00:12,  2.18it/s]
accuracy: 0.26, accuracy3: 0.41, loss: 3.43 ||:  78%|#######8  | 98/125 [00:44<00:12,  2.18it/s]
accuracy: 0.26, accuracy3: 0.41, loss: 3.43 ||:  79%|#######9  | 99/125 [00:45<00:11,  2.19it/s]
accuracy: 0.26, accuracy3: 0.41, loss: 3.42 ||:  80%|########  | 100/125 [00:45<00:11,  2.19it/s]
accuracy: 0.26, accuracy3: 0.41, loss: 3.41 ||:  81%|########  | 101/125 [00:46<00:10,  2.19it/s]
accuracy: 0.26, accuracy3: 0.41, loss: 3.41 ||:  82%|########1 | 102/125 [00:46<00:10,  2.20it/s]
accuracy: 0.26, accuracy3: 0.42, loss: 3.40 ||:  82%|########2 | 103/125 [00:46<00:10,  2.20it/s]
accuracy: 0.27, accuracy3: 0.42, loss: 3.39 ||:  83%|########3 | 104/125 [00:47<00:09,  2.19it/s]
accuracy: 0.27, accuracy3: 0.42, loss: 3.38 ||:  84%|########4 | 105/125 [00:47<00:09,  2.19it/s]
accuracy: 0.27, accuracy3: 0.42, loss: 3.37 ||:  85%|########4 | 106/125 [00:48<00:08,  2.19it/s]
accuracy: 0.27, accuracy3: 0.42, loss: 3.37 ||:  86%|########5 | 107/125 [00:49<00:08,  2.18it/s]
accuracy: 0.27, accuracy3: 0.42, loss: 3.36 ||:  86%|########6 | 108/125 [00:49<00:07,  2.18it/s]
accuracy: 0.27, accuracy3: 0.42, loss: 3.35 ||:  87%|########7 | 109/125 [00:50<00:07,  2.17it/s]
accuracy: 0.28, accuracy3: 0.43, loss: 3.34 ||:  88%|########8 | 110/125 [00:50<00:06,  2.18it/s]
accuracy: 0.28, accuracy3: 0.43, loss: 3.34 ||:  89%|########8 | 111/125 [00:51<00:06,  2.17it/s]
accuracy: 0.28, accuracy3: 0.43, loss: 3.33 ||:  90%|########9 | 112/125 [00:51<00:05,  2.18it/s]
accuracy: 0.28, accuracy3: 0.43, loss: 3.32 ||:  90%|######### | 113/125 [00:51<00:05,  2.18it/s]
accuracy: 0.28, accuracy3: 0.43, loss: 3.31 ||:  91%|#########1| 114/125 [00:52<00:05,  2.18it/s]
accuracy: 0.28, accuracy3: 0.43, loss: 3.31 ||:  92%|#########2| 115/125 [00:52<00:04,  2.18it/s]
accuracy: 0.28, accuracy3: 0.43, loss: 3.30 ||:  93%|#########2| 116/125 [00:53<00:04,  2.19it/s]
accuracy: 0.29, accuracy3: 0.44, loss: 3.29 ||:  94%|#########3| 117/125 [00:53<00:03,  2.18it/s]
accuracy: 0.29, accuracy3: 0.44, loss: 3.28 ||:  94%|#########4| 118/125 [00:53<00:03,  2.19it/s]
accuracy: 0.29, accuracy3: 0.44, loss: 3.28 ||:  95%|#########5| 119/125 [00:54<00:02,  2.19it/s]
accuracy: 0.29, accuracy3: 0.44, loss: 3.27 ||:  96%|#########6| 120/125 [00:54<00:02,  2.19it/s]
accuracy: 0.29, accuracy3: 0.44, loss: 3.26 ||:  97%|#########6| 121/125 [00:55<00:01,  2.19it/s]
accuracy: 0.29, accuracy3: 0.44, loss: 3.26 ||:  98%|#########7| 122/125 [00:55<00:01,  2.19it/s]
accuracy: 0.29, accuracy3: 0.45, loss: 3.25 ||:  98%|#########8| 123/125 [00:56<00:00,  2.19it/s]
accuracy: 0.30, accuracy3: 0.45, loss: 3.24 ||:  99%|#########9| 124/125 [00:56<00:00,  2.19it/s]
accuracy: 0.30, accuracy3: 0.45, loss: 3.24 ||: 100%|##########| 125/125 [00:56<00:00,  2.19it/s]

  0%|          | 0/31 [00:00<?, ?it/s]
accuracy: 0.46, accuracy3: 0.67, loss: 2.30 ||:   3%|3         | 1/31 [00:00<00:04,  6.50it/s]
accuracy: 0.46, accuracy3: 0.65, loss: 2.28 ||:   6%|6         | 2/31 [00:00<00:04,  7.05it/s]
accuracy: 0.46, accuracy3: 0.64, loss: 2.33 ||:  10%|9         | 3/31 [00:00<00:04,  5.71it/s]
accuracy: 0.46, accuracy3: 0.64, loss: 2.35 ||:  13%|#2        | 4/31 [00:00<00:04,  6.31it/s]
accuracy: 0.46, accuracy3: 0.64, loss: 2.34 ||:  16%|#6        | 5/31 [00:00<00:04,  6.11it/s]
accuracy: 0.46, accuracy3: 0.63, loss: 2.33 ||:  23%|##2       | 7/31 [00:00<00:03,  7.06it/s]
accuracy: 0.46, accuracy3: 0.63, loss: 2.33 ||:  26%|##5       | 8/31 [00:01<00:03,  7.20it/s]
accuracy: 0.46, accuracy3: 0.63, loss: 2.32 ||:  29%|##9       | 9/31 [00:01<00:02,  7.39it/s]
accuracy: 0.45, accuracy3: 0.63, loss: 2.30 ||:  35%|###5      | 11/31 [00:01<00:02,  7.88it/s]
accuracy: 0.45, accuracy3: 0.63, loss: 2.31 ||:  42%|####1     | 13/31 [00:01<00:02,  8.25it/s]
accuracy: 0.46, accuracy3: 0.63, loss: 2.30 ||:  48%|####8     | 15/31 [00:01<00:01,  8.34it/s]
accuracy: 0.45, accuracy3: 0.63, loss: 2.31 ||:  52%|#####1    | 16/31 [00:01<00:01,  8.26it/s]
accuracy: 0.45, accuracy3: 0.63, loss: 2.32 ||:  55%|#####4    | 17/31 [00:02<00:01,  8.07it/s]
accuracy: 0.45, accuracy3: 0.63, loss: 2.32 ||:  58%|#####8    | 18/31 [00:02<00:01,  8.13it/s]
accuracy: 0.45, accuracy3: 0.63, loss: 2.32 ||:  65%|######4   | 20/31 [00:02<00:01,  8.35it/s]
accuracy: 0.45, accuracy3: 0.63, loss: 2.32 ||:  68%|######7   | 21/31 [00:02<00:01,  8.41it/s]
accuracy: 0.45, accuracy3: 0.63, loss: 2.31 ||:  71%|#######   | 22/31 [00:02<00:01,  8.36it/s]
accuracy: 0.45, accuracy3: 0.63, loss: 2.32 ||:  77%|#######7  | 24/31 [00:02<00:00,  8.49it/s]
accuracy: 0.46, accuracy3: 0.63, loss: 2.31 ||:  84%|########3 | 26/31 [00:03<00:00,  8.63it/s]
accuracy: 0.46, accuracy3: 0.63, loss: 2.30 ||:  87%|########7 | 27/31 [00:03<00:00,  8.66it/s]
accuracy: 0.46, accuracy3: 0.63, loss: 2.29 ||:  90%|######### | 28/31 [00:03<00:00,  8.70it/s]
accuracy: 0.46, accuracy3: 0.63, loss: 2.30 ||:  97%|#########6| 30/31 [00:03<00:00,  8.74it/s]
accuracy: 0.46, accuracy3: 0.63, loss: 2.30 ||: 100%|##########| 31/31 [00:03<00:00,  8.83it/s]

  0%|          | 0/125 [00:00<?, ?it/s]
accuracy: 0.44, accuracy3: 0.62, loss: 2.56 ||:   1%|          | 1/125 [00:00<01:00,  2.07it/s]
accuracy: 0.43, accuracy3: 0.61, loss: 2.55 ||:   2%|1         | 2/125 [00:00<00:50,  2.45it/s]
accuracy: 0.45, accuracy3: 0.62, loss: 2.48 ||:   2%|2         | 3/125 [00:01<00:51,  2.36it/s]
accuracy: 0.45, accuracy3: 0.62, loss: 2.41 ||:   3%|3         | 4/125 [00:01<00:49,  2.43it/s]
accuracy: 0.44, accuracy3: 0.61, loss: 2.39 ||:   4%|4         | 5/125 [00:01<00:46,  2.57it/s]
accuracy: 0.44, accuracy3: 0.61, loss: 2.41 ||:   5%|4         | 6/125 [00:02<00:46,  2.57it/s]
accuracy: 0.45, accuracy3: 0.62, loss: 2.38 ||:   6%|5         | 7/125 [00:02<00:46,  2.56it/s]
accuracy: 0.45, accuracy3: 0.62, loss: 2.37 ||:   6%|6         | 8/125 [00:03<00:45,  2.57it/s]
accuracy: 0.45, accuracy3: 0.62, loss: 2.37 ||:   7%|7         | 9/125 [00:03<00:44,  2.58it/s]
accuracy: 0.45, accuracy3: 0.62, loss: 2.36 ||:   8%|8         | 10/125 [00:03<00:44,  2.56it/s]
accuracy: 0.45, accuracy3: 0.61, loss: 2.35 ||:   9%|8         | 11/125 [00:04<00:43,  2.60it/s]
accuracy: 0.45, accuracy3: 0.62, loss: 2.34 ||:  10%|9         | 12/125 [00:04<00:42,  2.63it/s]
accuracy: 0.45, accuracy3: 0.62, loss: 2.33 ||:  10%|#         | 13/125 [00:04<00:42,  2.63it/s]
accuracy: 0.45, accuracy3: 0.62, loss: 2.32 ||:  11%|#1        | 14/125 [00:05<00:41,  2.66it/s]
accuracy: 0.46, accuracy3: 0.62, loss: 2.33 ||:  12%|#2        | 15/125 [00:05<00:40,  2.68it/s]
accuracy: 0.45, accuracy3: 0.62, loss: 2.33 ||:  13%|#2        | 16/125 [00:05<00:40,  2.67it/s]
accuracy: 0.46, accuracy3: 0.62, loss: 2.33 ||:  14%|#3        | 17/125 [00:06<00:40,  2.65it/s]
accuracy: 0.46, accuracy3: 0.62, loss: 2.32 ||:  14%|#4        | 18/125 [00:06<00:40,  2.67it/s]
accuracy: 0.46, accuracy3: 0.63, loss: 2.31 ||:  15%|#5        | 19/125 [00:07<00:40,  2.62it/s]
accuracy: 0.46, accuracy3: 0.63, loss: 2.30 ||:  16%|#6        | 20/125 [00:07<00:40,  2.62it/s]
accuracy: 0.46, accuracy3: 0.63, loss: 2.30 ||:  17%|#6        | 21/125 [00:08<00:40,  2.60it/s]
accuracy: 0.46, accuracy3: 0.63, loss: 2.30 ||:  18%|#7        | 22/125 [00:08<00:39,  2.61it/s]
accuracy: 0.46, accuracy3: 0.63, loss: 2.29 ||:  18%|#8        | 23/125 [00:08<00:38,  2.62it/s]
accuracy: 0.47, accuracy3: 0.63, loss: 2.29 ||:  19%|#9        | 24/125 [00:09<00:38,  2.59it/s]
accuracy: 0.47, accuracy3: 0.63, loss: 2.29 ||:  20%|##        | 25/125 [00:09<00:38,  2.59it/s]
accuracy: 0.47, accuracy3: 0.63, loss: 2.28 ||:  21%|##        | 26/125 [00:10<00:38,  2.56it/s]
accuracy: 0.47, accuracy3: 0.63, loss: 2.28 ||:  22%|##1       | 27/125 [00:10<00:38,  2.53it/s]
accuracy: 0.47, accuracy3: 0.63, loss: 2.28 ||:  22%|##2       | 28/125 [00:11<00:38,  2.52it/s]
accuracy: 0.47, accuracy3: 0.63, loss: 2.26 ||:  23%|##3       | 29/125 [00:11<00:38,  2.47it/s]
accuracy: 0.47, accuracy3: 0.64, loss: 2.26 ||:  24%|##4       | 30/125 [00:12<00:38,  2.49it/s]
accuracy: 0.47, accuracy3: 0.64, loss: 2.25 ||:  25%|##4       | 31/125 [00:12<00:37,  2.48it/s]
accuracy: 0.47, accuracy3: 0.64, loss: 2.25 ||:  26%|##5       | 32/125 [00:12<00:37,  2.49it/s]
accuracy: 0.47, accuracy3: 0.64, loss: 2.25 ||:  26%|##6       | 33/125 [00:13<00:36,  2.50it/s]
accuracy: 0.47, accuracy3: 0.64, loss: 2.24 ||:  27%|##7       | 34/125 [00:13<00:36,  2.50it/s]
accuracy: 0.47, accuracy3: 0.64, loss: 2.23 ||:  28%|##8       | 35/125 [00:14<00:36,  2.49it/s]
accuracy: 0.48, accuracy3: 0.64, loss: 2.23 ||:  29%|##8       | 36/125 [00:14<00:35,  2.50it/s]
accuracy: 0.48, accuracy3: 0.64, loss: 2.23 ||:  30%|##9       | 37/125 [00:14<00:35,  2.48it/s]
accuracy: 0.48, accuracy3: 0.64, loss: 2.22 ||:  30%|###       | 38/125 [00:15<00:35,  2.46it/s]
accuracy: 0.48, accuracy3: 0.64, loss: 2.22 ||:  31%|###1      | 39/125 [00:15<00:34,  2.47it/s]
accuracy: 0.48, accuracy3: 0.64, loss: 2.21 ||:  32%|###2      | 40/125 [00:16<00:34,  2.48it/s]
accuracy: 0.48, accuracy3: 0.65, loss: 2.21 ||:  33%|###2      | 41/125 [00:16<00:33,  2.47it/s]
accuracy: 0.48, accuracy3: 0.65, loss: 2.20 ||:  34%|###3      | 42/125 [00:16<00:33,  2.48it/s]
accuracy: 0.48, accuracy3: 0.65, loss: 2.20 ||:  34%|###4      | 43/125 [00:17<00:33,  2.48it/s]
accuracy: 0.48, accuracy3: 0.65, loss: 2.19 ||:  35%|###5      | 44/125 [00:17<00:32,  2.47it/s]
accuracy: 0.48, accuracy3: 0.65, loss: 2.20 ||:  36%|###6      | 45/125 [00:18<00:32,  2.45it/s]
accuracy: 0.48, accuracy3: 0.65, loss: 2.19 ||:  37%|###6      | 46/125 [00:18<00:32,  2.45it/s]
accuracy: 0.48, accuracy3: 0.65, loss: 2.18 ||:  38%|###7      | 47/125 [00:19<00:31,  2.46it/s]
accuracy: 0.49, accuracy3: 0.65, loss: 2.18 ||:  38%|###8      | 48/125 [00:19<00:31,  2.46it/s]
accuracy: 0.49, accuracy3: 0.65, loss: 2.18 ||:  39%|###9      | 49/125 [00:20<00:31,  2.44it/s]
accuracy: 0.49, accuracy3: 0.65, loss: 2.18 ||:  40%|####      | 50/125 [00:20<00:31,  2.41it/s]
accuracy: 0.49, accuracy3: 0.65, loss: 2.17 ||:  41%|####      | 51/125 [00:21<00:30,  2.42it/s]
accuracy: 0.49, accuracy3: 0.65, loss: 2.16 ||:  42%|####1     | 52/125 [00:21<00:30,  2.42it/s]
accuracy: 0.49, accuracy3: 0.65, loss: 2.16 ||:  42%|####2     | 53/125 [00:21<00:29,  2.42it/s]
accuracy: 0.49, accuracy3: 0.65, loss: 2.15 ||:  43%|####3     | 54/125 [00:22<00:29,  2.42it/s]
accuracy: 0.49, accuracy3: 0.65, loss: 2.14 ||:  44%|####4     | 55/125 [00:22<00:28,  2.42it/s]
accuracy: 0.49, accuracy3: 0.65, loss: 2.14 ||:  45%|####4     | 56/125 [00:23<00:28,  2.39it/s]
accuracy: 0.49, accuracy3: 0.65, loss: 2.13 ||:  46%|####5     | 57/125 [00:24<00:29,  2.34it/s]
accuracy: 0.49, accuracy3: 0.66, loss: 2.13 ||:  46%|####6     | 58/125 [00:25<00:29,  2.27it/s]
accuracy: 0.50, accuracy3: 0.66, loss: 2.12 ||:  47%|####7     | 59/125 [00:26<00:29,  2.24it/s]
accuracy: 0.50, accuracy3: 0.66, loss: 2.12 ||:  48%|####8     | 60/125 [00:26<00:29,  2.24it/s]
accuracy: 0.50, accuracy3: 0.66, loss: 2.12 ||:  49%|####8     | 61/125 [00:27<00:28,  2.21it/s]
accuracy: 0.50, accuracy3: 0.66, loss: 2.11 ||:  50%|####9     | 62/125 [00:28<00:28,  2.17it/s]
accuracy: 0.50, accuracy3: 0.66, loss: 2.11 ||:  50%|#####     | 63/125 [00:29<00:28,  2.14it/s]
accuracy: 0.50, accuracy3: 0.66, loss: 2.11 ||:  51%|#####1    | 64/125 [00:30<00:28,  2.13it/s]
accuracy: 0.50, accuracy3: 0.66, loss: 2.10 ||:  52%|#####2    | 65/125 [00:30<00:28,  2.13it/s]
accuracy: 0.50, accuracy3: 0.66, loss: 2.10 ||:  53%|#####2    | 66/125 [00:30<00:27,  2.13it/s]
accuracy: 0.50, accuracy3: 0.66, loss: 2.10 ||:  54%|#####3    | 67/125 [00:31<00:27,  2.14it/s]
accuracy: 0.50, accuracy3: 0.66, loss: 2.09 ||:  54%|#####4    | 68/125 [00:31<00:26,  2.15it/s]
accuracy: 0.50, accuracy3: 0.66, loss: 2.09 ||:  55%|#####5    | 69/125 [00:32<00:25,  2.15it/s]
accuracy: 0.50, accuracy3: 0.66, loss: 2.09 ||:  56%|#####6    | 70/125 [00:32<00:25,  2.16it/s]
accuracy: 0.50, accuracy3: 0.66, loss: 2.09 ||:  57%|#####6    | 71/125 [00:32<00:24,  2.16it/s]
accuracy: 0.50, accuracy3: 0.66, loss: 2.08 ||:  58%|#####7    | 72/125 [00:33<00:24,  2.16it/s]
accuracy: 0.50, accuracy3: 0.67, loss: 2.08 ||:  58%|#####8    | 73/125 [00:33<00:24,  2.16it/s]
accuracy: 0.51, accuracy3: 0.67, loss: 2.08 ||:  59%|#####9    | 74/125 [00:34<00:23,  2.15it/s]
accuracy: 0.51, accuracy3: 0.67, loss: 2.07 ||:  60%|######    | 75/125 [00:35<00:23,  2.11it/s]
accuracy: 0.51, accuracy3: 0.67, loss: 2.07 ||:  61%|######    | 76/125 [00:36<00:23,  2.11it/s]
accuracy: 0.51, accuracy3: 0.67, loss: 2.07 ||:  62%|######1   | 77/125 [00:36<00:22,  2.11it/s]
accuracy: 0.51, accuracy3: 0.67, loss: 2.07 ||:  62%|######2   | 78/125 [00:36<00:22,  2.12it/s]
accuracy: 0.51, accuracy3: 0.67, loss: 2.07 ||:  63%|######3   | 79/125 [00:37<00:21,  2.12it/s]
accuracy: 0.51, accuracy3: 0.67, loss: 2.06 ||:  64%|######4   | 80/125 [00:37<00:21,  2.12it/s]
accuracy: 0.51, accuracy3: 0.67, loss: 2.06 ||:  65%|######4   | 81/125 [00:38<00:20,  2.13it/s]
accuracy: 0.51, accuracy3: 0.67, loss: 2.06 ||:  66%|######5   | 82/125 [00:38<00:20,  2.14it/s]
accuracy: 0.51, accuracy3: 0.67, loss: 2.06 ||:  66%|######6   | 83/125 [00:38<00:19,  2.14it/s]
accuracy: 0.51, accuracy3: 0.67, loss: 2.05 ||:  67%|######7   | 84/125 [00:39<00:19,  2.14it/s]
accuracy: 0.51, accuracy3: 0.67, loss: 2.05 ||:  68%|######8   | 85/125 [00:39<00:18,  2.15it/s]
accuracy: 0.51, accuracy3: 0.67, loss: 2.04 ||:  69%|######8   | 86/125 [00:39<00:18,  2.16it/s]
accuracy: 0.51, accuracy3: 0.67, loss: 2.04 ||:  70%|######9   | 87/125 [00:40<00:17,  2.15it/s]
accuracy: 0.51, accuracy3: 0.67, loss: 2.04 ||:  70%|#######   | 88/125 [00:40<00:17,  2.16it/s]
accuracy: 0.52, accuracy3: 0.67, loss: 2.04 ||:  71%|#######1  | 89/125 [00:41<00:16,  2.16it/s]
accuracy: 0.52, accuracy3: 0.67, loss: 2.04 ||:  72%|#######2  | 90/125 [00:41<00:16,  2.17it/s]
accuracy: 0.52, accuracy3: 0.68, loss: 2.03 ||:  73%|#######2  | 91/125 [00:41<00:15,  2.17it/s]
accuracy: 0.52, accuracy3: 0.68, loss: 2.03 ||:  74%|#######3  | 92/125 [00:42<00:15,  2.17it/s]
accuracy: 0.52, accuracy3: 0.68, loss: 2.03 ||:  74%|#######4  | 93/125 [00:42<00:14,  2.17it/s]
accuracy: 0.52, accuracy3: 0.68, loss: 2.02 ||:  75%|#######5  | 94/125 [00:43<00:14,  2.18it/s]
accuracy: 0.52, accuracy3: 0.68, loss: 2.02 ||:  76%|#######6  | 95/125 [00:43<00:13,  2.18it/s]
accuracy: 0.52, accuracy3: 0.68, loss: 2.02 ||:  77%|#######6  | 96/125 [00:44<00:13,  2.18it/s]
accuracy: 0.52, accuracy3: 0.68, loss: 2.01 ||:  78%|#######7  | 97/125 [00:44<00:12,  2.18it/s]
accuracy: 0.52, accuracy3: 0.68, loss: 2.01 ||:  78%|#######8  | 98/125 [00:44<00:12,  2.18it/s]
accuracy: 0.52, accuracy3: 0.68, loss: 2.01 ||:  79%|#######9  | 99/125 [00:45<00:11,  2.19it/s]
accuracy: 0.52, accuracy3: 0.68, loss: 2.00 ||:  80%|########  | 100/125 [00:45<00:11,  2.19it/s]
accuracy: 0.52, accuracy3: 0.68, loss: 2.00 ||:  81%|########  | 101/125 [00:45<00:10,  2.20it/s]
accuracy: 0.52, accuracy3: 0.68, loss: 2.00 ||:  82%|########1 | 102/125 [00:46<00:10,  2.20it/s]
accuracy: 0.52, accuracy3: 0.68, loss: 2.00 ||:  82%|########2 | 103/125 [00:46<00:09,  2.20it/s]
accuracy: 0.52, accuracy3: 0.68, loss: 1.99 ||:  83%|########3 | 104/125 [00:47<00:09,  2.20it/s]
accuracy: 0.52, accuracy3: 0.68, loss: 1.99 ||:  84%|########4 | 105/125 [00:47<00:09,  2.20it/s]
accuracy: 0.52, accuracy3: 0.68, loss: 1.99 ||:  85%|########4 | 106/125 [00:48<00:08,  2.21it/s]
accuracy: 0.52, accuracy3: 0.68, loss: 1.99 ||:  86%|########5 | 107/125 [00:48<00:08,  2.21it/s]
accuracy: 0.52, accuracy3: 0.68, loss: 1.99 ||:  86%|########6 | 108/125 [00:48<00:07,  2.21it/s]
accuracy: 0.52, accuracy3: 0.68, loss: 1.99 ||:  87%|########7 | 109/125 [00:49<00:07,  2.21it/s]
accuracy: 0.53, accuracy3: 0.68, loss: 1.98 ||:  88%|########8 | 110/125 [00:49<00:06,  2.21it/s]
accuracy: 0.53, accuracy3: 0.68, loss: 1.98 ||:  89%|########8 | 111/125 [00:50<00:06,  2.22it/s]
accuracy: 0.53, accuracy3: 0.69, loss: 1.98 ||:  90%|########9 | 112/125 [00:50<00:05,  2.22it/s]
accuracy: 0.53, accuracy3: 0.69, loss: 1.97 ||:  90%|######### | 113/125 [00:50<00:05,  2.22it/s]
accuracy: 0.53, accuracy3: 0.69, loss: 1.97 ||:  91%|#########1| 114/125 [00:51<00:04,  2.22it/s]
accuracy: 0.53, accuracy3: 0.69, loss: 1.97 ||:  92%|#########2| 115/125 [00:51<00:04,  2.22it/s]
accuracy: 0.53, accuracy3: 0.69, loss: 1.97 ||:  93%|#########2| 116/125 [00:52<00:04,  2.22it/s]
accuracy: 0.53, accuracy3: 0.69, loss: 1.97 ||:  94%|#########3| 117/125 [00:52<00:03,  2.22it/s]
accuracy: 0.53, accuracy3: 0.69, loss: 1.96 ||:  94%|#########4| 118/125 [00:53<00:03,  2.22it/s]
accuracy: 0.53, accuracy3: 0.69, loss: 1.96 ||:  95%|#########5| 119/125 [00:53<00:02,  2.23it/s]
accuracy: 0.53, accuracy3: 0.69, loss: 1.96 ||:  96%|#########6| 120/125 [00:53<00:02,  2.23it/s]
accuracy: 0.53, accuracy3: 0.69, loss: 1.96 ||:  97%|#########6| 121/125 [00:54<00:01,  2.24it/s]
accuracy: 0.53, accuracy3: 0.69, loss: 1.95 ||:  98%|#########7| 122/125 [00:54<00:01,  2.24it/s]
accuracy: 0.53, accuracy3: 0.69, loss: 1.95 ||:  98%|#########8| 123/125 [00:54<00:00,  2.25it/s]
accuracy: 0.53, accuracy3: 0.69, loss: 1.95 ||:  99%|#########9| 124/125 [00:55<00:00,  2.25it/s]
accuracy: 0.53, accuracy3: 0.69, loss: 1.95 ||: 100%|##########| 125/125 [00:55<00:00,  2.25it/s]

  0%|          | 0/31 [00:00<?, ?it/s]
accuracy: 0.64, accuracy3: 0.78, loss: 1.46 ||:   3%|3         | 1/31 [00:00<00:03,  7.79it/s]
accuracy: 0.65, accuracy3: 0.79, loss: 1.45 ||:  10%|9         | 3/31 [00:00<00:02, 10.29it/s]
accuracy: 0.64, accuracy3: 0.78, loss: 1.48 ||:  13%|#2        | 4/31 [00:00<00:02,  9.62it/s]
accuracy: 0.63, accuracy3: 0.78, loss: 1.54 ||:  19%|#9        | 6/31 [00:00<00:02,  8.44it/s]
accuracy: 0.62, accuracy3: 0.77, loss: 1.57 ||:  26%|##5       | 8/31 [00:00<00:02,  8.70it/s]
accuracy: 0.62, accuracy3: 0.77, loss: 1.55 ||:  32%|###2      | 10/31 [00:01<00:02,  9.33it/s]
accuracy: 0.63, accuracy3: 0.77, loss: 1.54 ||:  35%|###5      | 11/31 [00:01<00:02,  9.39it/s]
accuracy: 0.62, accuracy3: 0.77, loss: 1.56 ||:  42%|####1     | 13/31 [00:01<00:01,  9.57it/s]
accuracy: 0.62, accuracy3: 0.76, loss: 1.58 ||:  48%|####8     | 15/31 [00:01<00:01,  9.71it/s]
accuracy: 0.62, accuracy3: 0.76, loss: 1.58 ||:  55%|#####4    | 17/31 [00:01<00:01,  9.88it/s]
accuracy: 0.62, accuracy3: 0.76, loss: 1.57 ||:  61%|######1   | 19/31 [00:01<00:01,  9.98it/s]
accuracy: 0.62, accuracy3: 0.76, loss: 1.57 ||:  68%|######7   | 21/31 [00:02<00:00, 10.12it/s]
accuracy: 0.62, accuracy3: 0.76, loss: 1.56 ||:  74%|#######4  | 23/31 [00:02<00:00, 10.04it/s]
accuracy: 0.62, accuracy3: 0.76, loss: 1.57 ||:  81%|########  | 25/31 [00:02<00:00, 10.13it/s]
accuracy: 0.62, accuracy3: 0.76, loss: 1.56 ||:  87%|########7 | 27/31 [00:02<00:00, 10.16it/s]
accuracy: 0.62, accuracy3: 0.76, loss: 1.57 ||:  94%|#########3| 29/31 [00:02<00:00, 10.31it/s]
accuracy: 0.62, accuracy3: 0.76, loss: 1.56 ||: 100%|##########| 31/31 [00:02<00:00, 10.54it/s]

